2025-01-29 18:51:55.327 [info] [main] Log level: Info
2025-01-29 18:51:55.327 [info] [main] Validating found git in: "git"
2025-01-29 18:51:55.327 [info] [main] Using git "2.48.1" from "git"
2025-01-29 18:51:55.327 [info] [Model][doInitialScan] Initial repository scan started
2025-01-29 18:51:55.327 [info] > git rev-parse --show-toplevel [13ms]
2025-01-29 18:51:55.327 [info] > git rev-parse --git-dir --git-common-dir [1ms]
2025-01-29 18:51:55.327 [info] [Model][openRepository] Opened repository: /home/escu/Documentos/Universidad/5toSemestre/sistemas_web/command-line-clue
2025-01-29 18:51:55.335 [info] > git config --get commit.template [5ms]
2025-01-29 18:51:55.335 [info] > git rev-parse --show-toplevel [4ms]
2025-01-29 18:51:55.340 [info] > git for-each-ref --format=%(refname)%00%(upstream:short)%00%(objectname)%00%(upstream:track)%00%(upstream:remotename)%00%(upstream:remoteref) refs/heads/main refs/remotes/main [2ms]
2025-01-29 18:51:55.341 [info] > git rev-parse --show-toplevel [1ms]
2025-01-29 18:51:55.341 [info] [Model][doInitialScan] Initial repository scan completed - repositories (1), closed repositories (0), parent repositories (0), unsafe repositories (0)
2025-01-29 18:51:55.347 [info] > git status -z -uall [3ms]
2025-01-29 18:51:55.348 [info] > git for-each-ref --sort -committerdate --format %(refname) %(objectname) %(*objectname) [1ms]
2025-01-29 18:51:55.356 [info] > git for-each-ref --format=%(refname)%00%(upstream:short)%00%(objectname)%00%(upstream:track)%00%(upstream:remotename)%00%(upstream:remoteref) refs/heads/main refs/remotes/main [4ms]
2025-01-29 18:51:55.359 [info] > git config --get commit.template [3ms]
2025-01-29 18:51:55.359 [info] > git config --local branch.main.vscode-merge-base [0ms]
2025-01-29 18:51:55.365 [info] > git for-each-ref --format=%(refname)%00%(upstream:short)%00%(objectname)%00%(upstream:track)%00%(upstream:remotename)%00%(upstream:remoteref) refs/heads/origin/main refs/remotes/origin/main [3ms]
2025-01-29 18:51:55.371 [info] > git merge-base refs/heads/main refs/remotes/origin/main [4ms]
2025-01-29 18:51:55.374 [info] > git for-each-ref --format=%(refname)%00%(upstream:short)%00%(objectname)%00%(upstream:track)%00%(upstream:remotename)%00%(upstream:remoteref) refs/heads/main refs/remotes/main [10ms]
2025-01-29 18:51:55.380 [info] > git status -z -uall [3ms]
2025-01-29 18:51:55.380 [info] > git diff --name-status -z --diff-filter=ADMR 02673d670481ef80376350a025b0d360e04fd7bd...refs/remotes/origin/main [6ms]
2025-01-29 18:51:55.382 [info] > git for-each-ref --sort -committerdate --format %(refname) %(objectname) %(*objectname) [2ms]
2025-01-29 18:51:55.643 [info] > git show --textconv :game/notebook.md [7ms]
2025-01-29 18:51:55.644 [info] > git ls-files --stage -- /home/escu/Documentos/Universidad/5toSemestre/sistemas_web/command-line-clue/game/notebook.md [2ms]
2025-01-29 18:51:55.652 [info] > git cat-file -s 52e2fab9fc0511544ee3e4f5525f421a206afb6e [2ms]
2025-01-29 18:51:55.669 [info] > git blame --root --incremental 02673d670481ef80376350a025b0d360e04fd7bd -- /home/escu/Documentos/Universidad/5toSemestre/sistemas_web/command-line-clue/game/notebook.md [4ms]
2025-01-29 18:51:55.840 [info] > git check-ignore -v -z --stdin [2ms]
