    OpenRGB v0.9
    Commit:  from 
    Launched: 20250123_020105
====================================================================================================

1003  |Info:    ------------------------------------------------------
1003  |Info:    |               Start device detection               |
1003  |Info:    ------------------------------------------------------
1003  |Info:    Initializing HID interfaces: Success
1008  |Info:    ------------------------------------------------------
1008  |Info:    |             Detecting I2C interfaces               |
1008  |Info:    ------------------------------------------------------
1013  |Info:    Registering I2C interface: /dev/i2c-3 Device 10DE:28E1 Subsystem: 1043:20AD
1013  |Info:    Registering I2C interface: /dev/i2c-10 Device 8086:A788 Subsystem: 1043:20AD
1013  |Info:    Registering I2C interface: /dev/i2c-1 Device 10DE:28E1 Subsystem: 1043:20AD
1013  |Info:    Registering I2C interface: /dev/i2c-17 Device 0000:0000 Subsystem: 0000:0000
1013  |Info:    Registering I2C interface: /dev/i2c-8 Device 8086:A788 Subsystem: 1043:20AD
1013  |Warning: [i2c_smbus_linux] Failed to read i2c device PCI device ID
1013  |Info:    Registering I2C interface: /dev/i2c-15 Device 0000:0000 Subsystem: 0000:0000
1014  |Info:    Registering I2C interface: /dev/i2c-6 Device 8086:A788 Subsystem: 1043:20AD
1014  |Warning: [i2c_smbus_linux] Failed to read i2c device PCI device ID
1014  |Info:    Registering I2C interface: /dev/i2c-13 Device 0000:0000 Subsystem: 0000:0000
1014  |Info:    Registering I2C interface: /dev/i2c-4 Device 8086:A788 Subsystem: 1043:20AD
1014  |Info:    Registering I2C interface: /dev/i2c-11 Device 8086:A788 Subsystem: 1043:20AD
1014  |Info:    Registering I2C interface: /dev/i2c-2 Device 10DE:28E1 Subsystem: 1043:20AD
1014  |Info:    Registering I2C interface: /dev/i2c-ASUF1416:00 Device 0000:0000 Subsystem: 0000:0000
1014  |Info:    Registering I2C interface: /dev/i2c-9 Device 8086:A788 Subsystem: 1043:20AD
1015  |Info:    Registering I2C interface: /dev/i2c-16 Device 8086:7A23 Subsystem: 1043:14D3
1017  |Info:    Registering I2C interface: /dev/i2c-7 Device 8086:A788 Subsystem: 1043:20AD
1017  |Warning: [i2c_smbus_linux] Failed to read i2c device PCI device ID
1017  |Info:    Registering I2C interface: /dev/i2c-14 Device 0000:0000 Subsystem: 0000:0000
1017  |Info:    Registering I2C interface: /dev/i2c-5 Device 8086:A788 Subsystem: 1043:20AD
1017  |Info:    Registering I2C interface: /dev/i2c-12 Device 8086:A788 Subsystem: 1043:20AD
1017  |Info:    ------------------------------------------------------
1017  |Info:    |               Detecting I2C devices                |
1017  |Info:    ------------------------------------------------------
5686  |Info:    ------------------------------------------------------
5686  |Info:    |               Detecting I2C PCI devices            |
5686  |Info:    ------------------------------------------------------
5688  |Info:    ------------------------------------------------------
5688  |Info:    |               Detecting HID devices                |
5688  |Info:    ------------------------------------------------------
5690  |Info:    [Asus Aura Core Laptop] Registering RGB controller
5690  |Info:    ------------------------------------------------------
5690  |Info:    |            Detecting libusb HID devices            |
5690  |Info:    ------------------------------------------------------
5698  |Info:    ------------------------------------------------------
5698  |Info:    |              Detecting other devices               |
5698  |Info:    ------------------------------------------------------
5701  |Info:    ------------------------------------------------------
5701  |Info:    |                Detection completed                 |
5701  |Info:    ------------------------------------------------------
5701  |Dialog:  <h2>WARNING:</h2><p>One or more I2C/SMBus interfaces failed to initialize.</p><p>RGB DRAM modules and some motherboards' onboard RGB lighting will not be available without I2C/SMBus.</p><p>On Linux, this is usually because the i2c-dev module is not loaded.  You must load the i2c-dev module along with the correct i2c driver for your motherboard.  This is usually i2c-piix4 for AMD systems and i2c-i801 for Intel systems.</p><p>See <a href='https://help.openrgb.org/'>help.openrgb.org</a> for additional troubleshooting steps if you keep seeing this message.<br></p>
