2025-01-24 01:11:59.642 [info] [main] Log level: Info
2025-01-24 01:11:59.642 [info] [main] Validating found git in: "git"
2025-01-24 01:11:59.642 [info] [main] Using git "2.48.1" from "git"
2025-01-24 01:11:59.642 [info] [Model][doInitialScan] Initial repository scan started
2025-01-24 01:11:59.642 [info] > git rev-parse --show-toplevel [12ms]
2025-01-24 01:11:59.642 [info] > git rev-parse --git-dir --git-common-dir [1ms]
2025-01-24 01:11:59.642 [info] [Model][openRepository] Opened repository: /home/escu/Documentos/Universidad/5toSemestre/sistemas_web/command-line-clue
2025-01-24 01:11:59.649 [info] > git rev-parse --show-toplevel [1ms]
2025-01-24 01:11:59.649 [info] > git config --get commit.template [4ms]
2025-01-24 01:11:59.657 [info] > git for-each-ref --format=%(refname)%00%(upstream:short)%00%(objectname)%00%(upstream:track)%00%(upstream:remotename)%00%(upstream:remoteref) refs/heads/main refs/remotes/main [3ms]
2025-01-24 01:11:59.657 [info] > git rev-parse --show-toplevel [5ms]
2025-01-24 01:11:59.657 [info] [Model][doInitialScan] Initial repository scan completed - repositories (1), closed repositories (0), parent repositories (0), unsafe repositories (0)
2025-01-24 01:11:59.669 [info] > git status -z -uall [7ms]
2025-01-24 01:11:59.670 [info] > git for-each-ref --sort -committerdate --format %(refname) %(objectname) %(*objectname) [2ms]
2025-01-24 01:11:59.694 [info] > git for-each-ref --format=%(refname)%00%(upstream:short)%00%(objectname)%00%(upstream:track)%00%(upstream:remotename)%00%(upstream:remoteref) refs/heads/main refs/remotes/main [14ms]
2025-01-24 01:11:59.702 [info] > git config --get commit.template [8ms]
2025-01-24 01:11:59.703 [info] > git config --local branch.main.vscode-merge-base [3ms]
2025-01-24 01:11:59.718 [info] > git for-each-ref --format=%(refname)%00%(upstream:short)%00%(objectname)%00%(upstream:track)%00%(upstream:remotename)%00%(upstream:remoteref) refs/heads/origin/main refs/remotes/origin/main [9ms]
2025-01-24 01:11:59.739 [info] > git merge-base refs/heads/main refs/remotes/origin/main [15ms]
2025-01-24 01:11:59.746 [info] > git for-each-ref --format=%(refname)%00%(upstream:short)%00%(objectname)%00%(upstream:track)%00%(upstream:remotename)%00%(upstream:remoteref) refs/heads/main refs/remotes/main [30ms]
2025-01-24 01:11:59.760 [info] > git status -z -uall [6ms]
2025-01-24 01:11:59.761 [info] > git diff --name-status -z --diff-filter=ADMR 3fc18de0a1257b9c7c60bd9dca44a79078b24ab1...refs/remotes/origin/main [15ms]
2025-01-24 01:11:59.762 [info] > git for-each-ref --sort -committerdate --format %(refname) %(objectname) %(*objectname) [2ms]
2025-01-24 01:11:59.970 [info] > git show --textconv :game/notebook.md [8ms]
2025-01-24 01:11:59.971 [info] > git ls-files --stage -- /home/escu/Documentos/Universidad/5toSemestre/sistemas_web/command-line-clue/game/notebook.md [2ms]
2025-01-24 01:11:59.978 [info] > git cat-file -s 52e2fab9fc0511544ee3e4f5525f421a206afb6e [2ms]
2025-01-24 01:11:59.996 [info] > git blame --root --incremental 3fc18de0a1257b9c7c60bd9dca44a79078b24ab1 -- /home/escu/Documentos/Universidad/5toSemestre/sistemas_web/command-line-clue/game/notebook.md [4ms]
2025-01-24 01:12:00.157 [info] > git check-ignore -v -z --stdin [1ms]
