2025-01-31 19:25:00.635 [info] [main] Log level: Info
2025-01-31 19:25:00.635 [info] [main] Validating found git in: "git"
2025-01-31 19:25:00.635 [info] [main] Using git "2.48.1" from "git"
2025-01-31 19:25:00.635 [info] [Model][doInitialScan] Initial repository scan started
2025-01-31 19:25:00.635 [info] > git rev-parse --show-toplevel [16ms]
2025-01-31 19:25:00.635 [info] > git rev-parse --git-dir --git-common-dir [1ms]
2025-01-31 19:25:00.640 [info] [Model][openRepository] Opened repository: /home/escu/Documentos/Universidad/5toSemestre/sistemas_web/command-line-clue
2025-01-31 19:25:00.649 [info] > git rev-parse --show-toplevel [3ms]
2025-01-31 19:25:00.650 [info] > git config --get commit.template [6ms]
2025-01-31 19:25:00.656 [info] > git rev-parse --show-toplevel [3ms]
2025-01-31 19:25:00.657 [info] [Model][doInitialScan] Initial repository scan completed - repositories (1), closed repositories (0), parent repositories (0), unsafe repositories (0)
2025-01-31 19:25:00.659 [info] > git for-each-ref --format=%(refname)%00%(upstream:short)%00%(objectname)%00%(upstream:track)%00%(upstream:remotename)%00%(upstream:remoteref) refs/heads/main refs/remotes/main [4ms]
2025-01-31 19:25:00.666 [info] > git status -z -uall [3ms]
2025-01-31 19:25:00.667 [info] > git for-each-ref --sort -committerdate --format %(refname) %(objectname) %(*objectname) [1ms]
2025-01-31 19:25:00.676 [info] > git for-each-ref --format=%(refname)%00%(upstream:short)%00%(objectname)%00%(upstream:track)%00%(upstream:remotename)%00%(upstream:remoteref) refs/heads/main refs/remotes/main [5ms]
2025-01-31 19:25:00.679 [info] > git config --get commit.template [4ms]
2025-01-31 19:25:00.679 [info] > git config --local branch.main.vscode-merge-base [1ms]
2025-01-31 19:25:00.685 [info] > git for-each-ref --format=%(refname)%00%(upstream:short)%00%(objectname)%00%(upstream:track)%00%(upstream:remotename)%00%(upstream:remoteref) refs/heads/origin/main refs/remotes/origin/main [3ms]
2025-01-31 19:25:00.692 [info] > git merge-base refs/heads/main refs/remotes/origin/main [5ms]
2025-01-31 19:25:00.695 [info] > git for-each-ref --format=%(refname)%00%(upstream:short)%00%(objectname)%00%(upstream:track)%00%(upstream:remotename)%00%(upstream:remoteref) refs/heads/main refs/remotes/main [11ms]
2025-01-31 19:25:00.696 [info] > git diff --name-status -z --diff-filter=ADMR 02673d670481ef80376350a025b0d360e04fd7bd...refs/remotes/origin/main [1ms]
2025-01-31 19:25:00.702 [info] > git status -z -uall [2ms]
2025-01-31 19:25:00.703 [info] > git for-each-ref --sort -committerdate --format %(refname) %(objectname) %(*objectname) [1ms]
2025-01-31 19:25:00.949 [info] > git show --textconv :game/notebook.md [5ms]
2025-01-31 19:25:00.950 [info] > git ls-files --stage -- /home/escu/Documentos/Universidad/5toSemestre/sistemas_web/command-line-clue/game/notebook.md [2ms]
2025-01-31 19:25:00.954 [info] > git cat-file -s 52e2fab9fc0511544ee3e4f5525f421a206afb6e [1ms]
2025-01-31 19:25:00.981 [info] > git blame --root --incremental 02673d670481ef80376350a025b0d360e04fd7bd -- /home/escu/Documentos/Universidad/5toSemestre/sistemas_web/command-line-clue/game/notebook.md [12ms]
2025-01-31 19:25:01.153 [info] > git check-ignore -v -z --stdin [0ms]
