2025-01-28 18:47:18.823 [info] [main] Log level: Info
2025-01-28 18:47:18.823 [info] [main] Validating found git in: "git"
2025-01-28 18:47:18.823 [info] [main] Using git "2.48.1" from "git"
2025-01-28 18:47:18.823 [info] [Model][doInitialScan] Initial repository scan started
2025-01-28 18:47:18.823 [info] > git rev-parse --show-toplevel [15ms]
2025-01-28 18:47:18.823 [info] > git rev-parse --git-dir --git-common-dir [1ms]
2025-01-28 18:47:18.827 [info] [Model][openRepository] Opened repository: /home/escu/Documentos/Universidad/5toSemestre/sistemas_web/command-line-clue
2025-01-28 18:47:18.836 [info] > git rev-parse --show-toplevel [2ms]
2025-01-28 18:47:18.837 [info] > git config --get commit.template [6ms]
2025-01-28 18:47:18.844 [info] > git rev-parse --show-toplevel [4ms]
2025-01-28 18:47:18.844 [info] [Model][doInitialScan] Initial repository scan completed - repositories (1), closed repositories (0), parent repositories (0), unsafe repositories (0)
2025-01-28 18:47:18.847 [info] > git for-each-ref --format=%(refname)%00%(upstream:short)%00%(objectname)%00%(upstream:track)%00%(upstream:remotename)%00%(upstream:remoteref) refs/heads/main refs/remotes/main [4ms]
2025-01-28 18:47:18.854 [info] > git status -z -uall [4ms]
2025-01-28 18:47:18.855 [info] > git for-each-ref --sort -committerdate --format %(refname) %(objectname) %(*objectname) [1ms]
2025-01-28 18:47:18.864 [info] > git for-each-ref --format=%(refname)%00%(upstream:short)%00%(objectname)%00%(upstream:track)%00%(upstream:remotename)%00%(upstream:remoteref) refs/heads/main refs/remotes/main [4ms]
2025-01-28 18:47:18.867 [info] > git config --get commit.template [3ms]
2025-01-28 18:47:18.867 [info] > git config --local branch.main.vscode-merge-base [0ms]
2025-01-28 18:47:18.873 [info] > git for-each-ref --format=%(refname)%00%(upstream:short)%00%(objectname)%00%(upstream:track)%00%(upstream:remotename)%00%(upstream:remoteref) refs/heads/origin/main refs/remotes/origin/main [3ms]
2025-01-28 18:47:18.880 [info] > git merge-base refs/heads/main refs/remotes/origin/main [5ms]
2025-01-28 18:47:18.883 [info] > git for-each-ref --format=%(refname)%00%(upstream:short)%00%(objectname)%00%(upstream:track)%00%(upstream:remotename)%00%(upstream:remoteref) refs/heads/main refs/remotes/main [11ms]
2025-01-28 18:47:18.885 [info] > git diff --name-status -z --diff-filter=ADMR 02673d670481ef80376350a025b0d360e04fd7bd...refs/remotes/origin/main [2ms]
2025-01-28 18:47:18.890 [info] > git status -z -uall [2ms]
2025-01-28 18:47:18.891 [info] > git for-each-ref --sort -committerdate --format %(refname) %(objectname) %(*objectname) [1ms]
2025-01-28 18:47:19.136 [info] > git show --textconv :game/notebook.md [3ms]
2025-01-28 18:47:19.137 [info] > git ls-files --stage -- /home/escu/Documentos/Universidad/5toSemestre/sistemas_web/command-line-clue/game/notebook.md [1ms]
2025-01-28 18:47:19.140 [info] > git cat-file -s 52e2fab9fc0511544ee3e4f5525f421a206afb6e [0ms]
2025-01-28 18:47:19.159 [info] > git blame --root --incremental 02673d670481ef80376350a025b0d360e04fd7bd -- /home/escu/Documentos/Universidad/5toSemestre/sistemas_web/command-line-clue/game/notebook.md [12ms]
2025-01-28 18:47:19.342 [info] > git check-ignore -v -z --stdin [1ms]
