2025-01-22 18:29:49.172 [info] [main] Log level: Info
2025-01-22 18:29:49.172 [info] [main] Validating found git in: "git"
2025-01-22 18:29:49.172 [info] [main] Using git "2.48.1" from "git"
2025-01-22 18:29:49.172 [info] [Model][doInitialScan] Initial repository scan started
2025-01-22 18:29:49.172 [info] [Model][doInitialScan] Initial repository scan completed - repositories (0), closed repositories (0), parent repositories (0), unsafe repositories (0)
2025-01-22 18:30:02.807 [info] [main] Log level: Info
2025-01-22 18:30:02.807 [info] [main] Validating found git in: "git"
2025-01-22 18:30:02.807 [info] [main] Using git "2.48.1" from "git"
2025-01-22 18:30:02.807 [info] [Model][doInitialScan] Initial repository scan started
2025-01-22 18:30:02.807 [info] > git rev-parse --show-toplevel [3ms]
2025-01-22 18:30:02.811 [info] > git rev-parse --git-dir --git-common-dir [1ms]
2025-01-22 18:30:02.816 [info] [Model][openRepository] Opened repository: /home/escu/Documentos/Universidad/5toSemestre/sistemas_web/command-line-clue
2025-01-22 18:30:02.824 [info] > git rev-parse --show-toplevel [1ms]
2025-01-22 18:30:02.825 [info] [Model][doInitialScan] Initial repository scan completed - repositories (1), closed repositories (0), parent repositories (0), unsafe repositories (0)
2025-01-22 18:30:02.825 [info] > git config --get commit.template [5ms]
2025-01-22 18:30:02.843 [info] > git for-each-ref --format=%(refname)%00%(upstream:short)%00%(objectname)%00%(upstream:track)%00%(upstream:remotename)%00%(upstream:remoteref) refs/heads/main refs/remotes/main [2ms]
2025-01-22 18:30:02.846 [warning] [Git][revParse] Unable to read file: ENOENT: no such file or directory, open '/home/escu/Documentos/Universidad/5toSemestre/sistemas_web/command-line-clue/.git/refs/remotes/origin/main'
2025-01-22 18:30:02.846 [info] > git rev-parse refs/remotes/origin/main [1ms]
2025-01-22 18:30:02.852 [info] > git status -z -uall [3ms]
2025-01-22 18:30:02.853 [info] > git for-each-ref --sort -committerdate --format %(refname) %(objectname) %(*objectname) [1ms]
2025-01-22 18:30:02.863 [info] > git for-each-ref --format=%(refname)%00%(upstream:short)%00%(objectname)%00%(upstream:track)%00%(upstream:remotename)%00%(upstream:remoteref) refs/heads/main refs/remotes/main [6ms]
2025-01-22 18:30:02.866 [info] > git config --get commit.template [5ms]
2025-01-22 18:30:02.867 [info] > git config --local branch.main.vscode-merge-base [1ms]
2025-01-22 18:30:02.867 [warning] [Git][config] git config failed: Failed to execute git
2025-01-22 18:30:02.872 [info] > git reflog main --grep-reflog=branch: Created from *. [3ms]
2025-01-22 18:30:02.875 [info] > git for-each-ref --format=%(refname)%00%(upstream:short)%00%(objectname)%00%(upstream:track)%00%(upstream:remotename)%00%(upstream:remoteref) refs/heads/main refs/remotes/main [3ms]
2025-01-22 18:30:02.878 [warning] [Git][revParse] Unable to read file: ENOENT: no such file or directory, open '/home/escu/Documentos/Universidad/5toSemestre/sistemas_web/command-line-clue/.git/refs/remotes/origin/main'
2025-01-22 18:30:02.878 [info] > git symbolic-ref --short refs/remotes/origin/HEAD [4ms]
2025-01-22 18:30:02.880 [info] > git rev-parse refs/remotes/origin/main [2ms]
2025-01-22 18:30:02.885 [info] > git status -z -uall [3ms]
2025-01-22 18:30:02.885 [info] > git for-each-ref --format=%(refname)%00%(upstream:short)%00%(objectname)%00%(upstream:track)%00%(upstream:remotename)%00%(upstream:remoteref) refs/heads/origin/main refs/remotes/origin/main [5ms]
2025-01-22 18:30:02.888 [info] > git for-each-ref --sort -committerdate --format %(refname) %(objectname) %(*objectname) [3ms]
2025-01-22 18:30:02.892 [info] > git config --local branch.main.vscode-merge-base origin/main [4ms]
2025-01-22 18:30:02.895 [info] > git for-each-ref --format=%(refname)%00%(upstream:short)%00%(objectname)%00%(upstream:track)%00%(upstream:remotename)%00%(upstream:remoteref) refs/heads/main refs/remotes/main [4ms]
2025-01-22 18:30:02.898 [info] > git config --get commit.template [3ms]
2025-01-22 18:30:02.898 [info] > git config --local branch.main.vscode-merge-base [1ms]
2025-01-22 18:30:02.903 [info] > git for-each-ref --format=%(refname)%00%(upstream:short)%00%(objectname)%00%(upstream:track)%00%(upstream:remotename)%00%(upstream:remoteref) refs/heads/origin/main refs/remotes/origin/main [3ms]
2025-01-22 18:30:02.910 [info] > git merge-base refs/heads/main refs/remotes/origin/main [4ms]
2025-01-22 18:30:02.912 [info] > git for-each-ref --format=%(refname)%00%(upstream:short)%00%(objectname)%00%(upstream:track)%00%(upstream:remotename)%00%(upstream:remoteref) refs/heads/main refs/remotes/main [9ms]
2025-01-22 18:30:02.915 [warning] [Git][revParse] Unable to read file: ENOENT: no such file or directory, open '/home/escu/Documentos/Universidad/5toSemestre/sistemas_web/command-line-clue/.git/refs/remotes/origin/main'
2025-01-22 18:30:02.915 [info] > git diff --name-status -z --diff-filter=ADMR 792b8b82d6ce80767419141efa5751f7f0304cb0...refs/remotes/origin/main [3ms]
2025-01-22 18:30:02.916 [info] > git rev-parse refs/remotes/origin/main [1ms]
2025-01-22 18:30:02.921 [info] > git status -z -uall [3ms]
2025-01-22 18:30:02.921 [info] > git for-each-ref --sort -committerdate --format %(refname) %(objectname) %(*objectname) [1ms]
2025-01-22 18:30:03.335 [info] > git check-ignore -v -z --stdin [3ms]
2025-01-22 18:30:04.763 [info] > git config --get commit.template [1ms]
2025-01-22 18:30:04.768 [info] > git for-each-ref --format=%(refname)%00%(upstream:short)%00%(objectname)%00%(upstream:track)%00%(upstream:remotename)%00%(upstream:remoteref) refs/heads/main refs/remotes/main [1ms]
2025-01-22 18:30:04.772 [warning] [Git][revParse] Unable to read file: ENOENT: no such file or directory, open '/home/escu/Documentos/Universidad/5toSemestre/sistemas_web/command-line-clue/.git/refs/remotes/origin/main'
2025-01-22 18:30:04.773 [info] > git rev-parse refs/remotes/origin/main [1ms]
2025-01-22 18:30:04.783 [info] > git status -z -uall [5ms]
2025-01-22 18:30:04.784 [info] > git for-each-ref --sort -committerdate --format %(refname) %(objectname) %(*objectname) [1ms]
2025-01-22 18:30:06.949 [info] > git show --textconv :clue.py [3ms]
2025-01-22 18:30:06.950 [info] > git ls-files --stage -- /home/escu/Documentos/Universidad/5toSemestre/sistemas_web/command-line-clue/clue.py [1ms]
2025-01-22 18:30:06.954 [info] > git cat-file -s 2cdcd711700d0bd6ae1f6152a36b70578a605d64 [1ms]
2025-01-22 18:30:07.720 [info] > git blame --root --incremental 792b8b82d6ce80767419141efa5751f7f0304cb0 -- /home/escu/Documentos/Universidad/5toSemestre/sistemas_web/command-line-clue/clue.py [3ms]
2025-01-22 18:30:14.452 [info] > git check-ignore -v -z --stdin [2ms]
2025-01-22 18:30:19.725 [info] > git log --format=%H%n%aN%n%aE%n%at%n%ct%n%P%n%D%n%B -z --shortstat --diff-merges=first-parent -n50 --skip=0 --topo-order --decorate=full --stdin [1ms]
2025-01-22 18:30:38.701 [info] > git show --textconv :README.md [4ms]
2025-01-22 18:30:38.702 [info] > git ls-files --stage -- /home/escu/Documentos/Universidad/5toSemestre/sistemas_web/command-line-clue/README.md [1ms]
2025-01-22 18:30:38.738 [info] > git cat-file -s 0a7574d393340e5fd20d4c9f3b982e807e79fd08 [33ms]
2025-01-22 18:30:39.457 [info] > git blame --root --incremental 792b8b82d6ce80767419141efa5751f7f0304cb0 -- /home/escu/Documentos/Universidad/5toSemestre/sistemas_web/command-line-clue/README.md [2ms]
2025-01-22 18:31:06.856 [info] > git show --textconv :.gitignore [7ms]
2025-01-22 18:31:06.857 [info] > git ls-files --stage -- /home/escu/Documentos/Universidad/5toSemestre/sistemas_web/command-line-clue/.gitignore [2ms]
2025-01-22 18:31:06.864 [info] > git cat-file -s dc22e61c94aa75648e8d87ca4ebb5ad089bcc1ad [2ms]
2025-01-22 18:31:07.742 [info] > git blame --root --incremental 792b8b82d6ce80767419141efa5751f7f0304cb0 -- /home/escu/Documentos/Universidad/5toSemestre/sistemas_web/command-line-clue/.gitignore [2ms]
2025-01-22 18:31:11.849 [info] > git check-ignore -v -z --stdin [1ms]
2025-01-22 18:31:12.309 [info] > git config --get commit.template [4ms]
2025-01-22 18:31:12.310 [info] > git for-each-ref --format=%(refname)%00%(upstream:short)%00%(objectname)%00%(upstream:track)%00%(upstream:remotename)%00%(upstream:remoteref) refs/heads/main refs/remotes/main [1ms]
2025-01-22 18:31:12.313 [warning] [Git][revParse] Unable to read file: ENOENT: no such file or directory, open '/home/escu/Documentos/Universidad/5toSemestre/sistemas_web/command-line-clue/.git/refs/remotes/origin/main'
2025-01-22 18:31:12.314 [info] > git rev-parse refs/remotes/origin/main [1ms]
2025-01-22 18:31:12.322 [info] > git status -z -uall [4ms]
2025-01-22 18:31:12.323 [info] > git for-each-ref --sort -committerdate --format %(refname) %(objectname) %(*objectname) [2ms]
2025-01-22 18:32:08.016 [info] > git config --get commit.template [0ms]
2025-01-22 18:32:08.020 [info] > git for-each-ref --format=%(refname)%00%(upstream:short)%00%(objectname)%00%(upstream:track)%00%(upstream:remotename)%00%(upstream:remoteref) refs/heads/main refs/remotes/main [1ms]
2025-01-22 18:32:08.027 [info] > git status -z -uall [3ms]
2025-01-22 18:32:08.028 [info] > git for-each-ref --sort -committerdate --format %(refname) %(objectname) %(*objectname) [1ms]
2025-01-22 18:32:08.036 [info] > git merge-base refs/heads/main refs/remotes/origin/main [1ms]
2025-01-22 18:32:08.040 [info] > git diff --name-status -z --diff-filter=ADMR 97ed87f01fe92ffc2ee969eed17c5f189a45af02...refs/remotes/origin/main [1ms]
2025-01-22 18:32:08.044 [info] > git ls-files --stage -- /home/escu/Documentos/Universidad/5toSemestre/sistemas_web/command-line-clue/.gitignore [1ms]
2025-01-22 18:32:08.048 [info] > git cat-file -s e69de29bb2d1d6434b8b29ae775ad8c2e48c5391 [1ms]
2025-01-22 18:32:08.055 [info] > git show --textconv :.gitignore [0ms]
2025-01-22 18:32:16.125 [info] > git config --get commit.template [5ms]
2025-01-22 18:32:16.126 [info] > git for-each-ref --format=%(refname)%00%(upstream:short)%00%(objectname)%00%(upstream:track)%00%(upstream:remotename)%00%(upstream:remoteref) refs/heads/main refs/remotes/main [1ms]
2025-01-22 18:32:16.138 [info] > git status -z -uall [6ms]
2025-01-22 18:32:16.139 [info] > git for-each-ref --sort -committerdate --format %(refname) %(objectname) %(*objectname) [1ms]
2025-01-22 18:32:18.221 [info] > git show --textconv :README.md [7ms]
2025-01-22 18:32:18.221 [info] > git ls-files --stage -- /home/escu/Documentos/Universidad/5toSemestre/sistemas_web/command-line-clue/README.md [2ms]
2025-01-22 18:32:18.229 [info] > git cat-file -s 0a7574d393340e5fd20d4c9f3b982e807e79fd08 [2ms]
2025-01-22 18:32:18.243 [info] > git blame --root --incremental 97ed87f01fe92ffc2ee969eed17c5f189a45af02 -- /home/escu/Documentos/Universidad/5toSemestre/sistemas_web/command-line-clue/README.md [3ms]
2025-01-22 18:39:37.755 [info] > git config --get commit.template [1ms]
2025-01-22 18:39:37.759 [info] > git for-each-ref --format=%(refname)%00%(upstream:short)%00%(objectname)%00%(upstream:track)%00%(upstream:remotename)%00%(upstream:remoteref) refs/heads/main refs/remotes/main [1ms]
2025-01-22 18:39:37.768 [info] > git status -z -uall [4ms]
2025-01-22 18:39:37.770 [info] > git for-each-ref --sort -committerdate --format %(refname) %(objectname) %(*objectname) [2ms]
2025-01-22 18:47:28.981 [info] > git config --get commit.template [5ms]
2025-01-22 18:47:28.982 [info] > git for-each-ref --format=%(refname)%00%(upstream:short)%00%(objectname)%00%(upstream:track)%00%(upstream:remotename)%00%(upstream:remoteref) refs/heads/main refs/remotes/main [2ms]
2025-01-22 18:47:28.991 [info] > git status -z -uall [5ms]
2025-01-22 18:47:28.991 [info] > git for-each-ref --sort -committerdate --format %(refname) %(objectname) %(*objectname) [1ms]
2025-01-22 18:50:26.885 [info] > git show --textconv :game/notebook.md [6ms]
2025-01-22 18:50:26.886 [info] > git ls-files --stage -- /home/escu/Documentos/Universidad/5toSemestre/sistemas_web/command-line-clue/game/notebook.md [2ms]
2025-01-22 18:50:26.893 [info] > git cat-file -s c4e336083dfb3169b10e0682f46e0a6eccc49cab [2ms]
2025-01-22 18:51:54.015 [info] > git check-ignore -v -z --stdin [2ms]
2025-01-22 18:52:23.224 [info] > git blame --root --incremental 97ed87f01fe92ffc2ee969eed17c5f189a45af02 -- /home/escu/Documentos/Universidad/5toSemestre/sistemas_web/command-line-clue/game/notebook.md [2ms]
2025-01-22 18:52:55.110 [info] > git show --textconv :clue.py [7ms]
2025-01-22 18:52:55.111 [info] > git ls-files --stage -- /home/escu/Documentos/Universidad/5toSemestre/sistemas_web/command-line-clue/clue.py [2ms]
2025-01-22 18:52:55.118 [info] > git cat-file -s 2cdcd711700d0bd6ae1f6152a36b70578a605d64 [2ms]
2025-01-22 18:52:55.133 [info] > git blame --root --incremental 97ed87f01fe92ffc2ee969eed17c5f189a45af02 -- /home/escu/Documentos/Universidad/5toSemestre/sistemas_web/command-line-clue/clue.py [3ms]
2025-01-22 18:53:02.548 [info] > git show --textconv :game/notebook.md [7ms]
2025-01-22 18:53:02.550 [info] > git ls-files --stage -- /home/escu/Documentos/Universidad/5toSemestre/sistemas_web/command-line-clue/game/notebook.md [3ms]
2025-01-22 18:53:02.556 [info] > git cat-file -s c4e336083dfb3169b10e0682f46e0a6eccc49cab [1ms]
