2025-01-29 17:51:27.887 [info] [main] Log level: Info
2025-01-29 17:51:27.887 [info] [main] Validating found git in: "git"
2025-01-29 17:51:27.887 [info] [main] Using git "2.48.1" from "git"
2025-01-29 17:51:27.887 [info] [Model][doInitialScan] Initial repository scan started
2025-01-29 17:51:27.887 [info] > git rev-parse --show-toplevel [8ms]
2025-01-29 17:51:27.887 [info] > git rev-parse --git-dir --git-common-dir [3ms]
2025-01-29 17:51:27.887 [info] [Model][openRepository] Opened repository: /home/escu/Documentos/Universidad/5toSemestre/sistemas_web/command-line-clue
2025-01-29 17:51:27.889 [info] > git rev-parse --show-toplevel [4ms]
2025-01-29 17:51:27.890 [info] > git config --get commit.template [8ms]
2025-01-29 17:51:27.902 [info] > git rev-parse --show-toplevel [6ms]
2025-01-29 17:51:27.902 [info] [Model][doInitialScan] Initial repository scan completed - repositories (1), closed repositories (0), parent repositories (0), unsafe repositories (0)
2025-01-29 17:51:27.903 [info] > git for-each-ref --format=%(refname)%00%(upstream:short)%00%(objectname)%00%(upstream:track)%00%(upstream:remotename)%00%(upstream:remoteref) refs/heads/main refs/remotes/main [3ms]
2025-01-29 17:51:27.915 [info] > git status -z -uall [5ms]
2025-01-29 17:51:27.916 [info] > git for-each-ref --sort -committerdate --format %(refname) %(objectname) %(*objectname) [2ms]
2025-01-29 17:51:27.935 [info] > git for-each-ref --format=%(refname)%00%(upstream:short)%00%(objectname)%00%(upstream:track)%00%(upstream:remotename)%00%(upstream:remoteref) refs/heads/main refs/remotes/main [8ms]
2025-01-29 17:51:27.940 [info] > git config --get commit.template [5ms]
2025-01-29 17:51:27.940 [info] > git config --local branch.main.vscode-merge-base [1ms]
2025-01-29 17:51:27.949 [info] > git for-each-ref --format=%(refname)%00%(upstream:short)%00%(objectname)%00%(upstream:track)%00%(upstream:remotename)%00%(upstream:remoteref) refs/heads/origin/main refs/remotes/origin/main [4ms]
2025-01-29 17:51:27.961 [info] > git merge-base refs/heads/main refs/remotes/origin/main [7ms]
2025-01-29 17:51:27.965 [info] > git for-each-ref --format=%(refname)%00%(upstream:short)%00%(objectname)%00%(upstream:track)%00%(upstream:remotename)%00%(upstream:remoteref) refs/heads/main refs/remotes/main [17ms]
2025-01-29 17:51:27.966 [info] > git diff --name-status -z --diff-filter=ADMR 02673d670481ef80376350a025b0d360e04fd7bd...refs/remotes/origin/main [1ms]
2025-01-29 17:51:27.976 [info] > git status -z -uall [5ms]
2025-01-29 17:51:27.977 [info] > git for-each-ref --sort -committerdate --format %(refname) %(objectname) %(*objectname) [2ms]
2025-01-29 17:51:28.181 [info] > git show --textconv :game/notebook.md [6ms]
2025-01-29 17:51:28.182 [info] > git ls-files --stage -- /home/escu/Documentos/Universidad/5toSemestre/sistemas_web/command-line-clue/game/notebook.md [2ms]
2025-01-29 17:51:28.185 [info] > git cat-file -s 52e2fab9fc0511544ee3e4f5525f421a206afb6e [0ms]
2025-01-29 17:51:28.215 [info] > git blame --root --incremental 02673d670481ef80376350a025b0d360e04fd7bd -- /home/escu/Documentos/Universidad/5toSemestre/sistemas_web/command-line-clue/game/notebook.md [13ms]
2025-01-29 17:51:28.393 [info] > git check-ignore -v -z --stdin [1ms]
