2025-02-03 18:52:12.876 [info] [main] Log level: Info
2025-02-03 18:52:12.876 [info] [main] Validating found git in: "git"
2025-02-03 18:52:12.876 [info] [main] Using git "2.48.1" from "git"
2025-02-03 18:52:12.876 [info] [Model][doInitialScan] Initial repository scan started
2025-02-03 18:52:12.876 [info] > git rev-parse --show-toplevel [13ms]
2025-02-03 18:52:12.876 [info] > git rev-parse --git-dir --git-common-dir [2ms]
2025-02-03 18:52:12.876 [info] [Model][openRepository] Opened repository: /home/escu/Documentos/Universidad/5toSemestre/sistemas_web/command-line-clue
2025-02-03 18:52:12.877 [info] > git rev-parse --show-toplevel [3ms]
2025-02-03 18:52:12.877 [info] > git config --get commit.template [7ms]
2025-02-03 18:52:12.883 [info] > git rev-parse --show-toplevel [3ms]
2025-02-03 18:52:12.883 [info] [Model][doInitialScan] Initial repository scan completed - repositories (1), closed repositories (0), parent repositories (0), unsafe repositories (0)
2025-02-03 18:52:12.886 [info] > git for-each-ref --format=%(refname)%00%(upstream:short)%00%(objectname)%00%(upstream:track)%00%(upstream:remotename)%00%(upstream:remoteref) refs/heads/main refs/remotes/main [4ms]
2025-02-03 18:52:12.893 [info] > git status -z -uall [3ms]
2025-02-03 18:52:12.893 [info] > git for-each-ref --sort -committerdate --format %(refname) %(objectname) %(*objectname) [1ms]
2025-02-03 18:52:12.902 [info] > git for-each-ref --format=%(refname)%00%(upstream:short)%00%(objectname)%00%(upstream:track)%00%(upstream:remotename)%00%(upstream:remoteref) refs/heads/main refs/remotes/main [5ms]
2025-02-03 18:52:12.905 [info] > git config --get commit.template [3ms]
2025-02-03 18:52:12.905 [info] > git config --local branch.main.vscode-merge-base [1ms]
2025-02-03 18:52:12.910 [info] > git for-each-ref --format=%(refname)%00%(upstream:short)%00%(objectname)%00%(upstream:track)%00%(upstream:remotename)%00%(upstream:remoteref) refs/heads/origin/main refs/remotes/origin/main [2ms]
2025-02-03 18:52:12.917 [info] > git merge-base refs/heads/main refs/remotes/origin/main [4ms]
2025-02-03 18:52:12.919 [info] > git for-each-ref --format=%(refname)%00%(upstream:short)%00%(objectname)%00%(upstream:track)%00%(upstream:remotename)%00%(upstream:remoteref) refs/heads/main refs/remotes/main [9ms]
2025-02-03 18:52:12.924 [info] > git status -z -uall [3ms]
2025-02-03 18:52:12.924 [info] > git diff --name-status -z --diff-filter=ADMR 02673d670481ef80376350a025b0d360e04fd7bd...refs/remotes/origin/main [5ms]
2025-02-03 18:52:12.925 [info] > git for-each-ref --sort -committerdate --format %(refname) %(objectname) %(*objectname) [1ms]
2025-02-03 18:52:13.171 [info] > git show --textconv :game/notebook.md [3ms]
2025-02-03 18:52:13.171 [info] > git ls-files --stage -- /home/escu/Documentos/Universidad/5toSemestre/sistemas_web/command-line-clue/game/notebook.md [1ms]
2025-02-03 18:52:13.174 [info] > git cat-file -s 52e2fab9fc0511544ee3e4f5525f421a206afb6e [1ms]
2025-02-03 18:52:13.196 [info] > git blame --root --incremental 02673d670481ef80376350a025b0d360e04fd7bd -- /home/escu/Documentos/Universidad/5toSemestre/sistemas_web/command-line-clue/game/notebook.md [11ms]
2025-02-03 18:52:13.380 [info] > git check-ignore -v -z --stdin [1ms]
