2025-01-30 20:22:09.860 [info] [main] Log level: Info
2025-01-30 20:22:09.860 [info] [main] Validating found git in: "git"
2025-01-30 20:22:09.860 [info] [main] Using git "2.48.1" from "git"
2025-01-30 20:22:09.860 [info] [Model][doInitialScan] Initial repository scan started
2025-01-30 20:22:09.860 [info] > git rev-parse --show-toplevel [2ms]
2025-01-30 20:22:09.860 [info] > git rev-parse --git-dir --git-common-dir [1ms]
2025-01-30 20:22:09.860 [info] [Model][openRepository] Opened repository: /home/escu/Documentos/Universidad/5toSemestre/sistemas_web/command-line-clue
2025-01-30 20:22:09.868 [info] > git rev-parse --show-toplevel [2ms]
2025-01-30 20:22:09.868 [info] > git config --get commit.template [5ms]
2025-01-30 20:22:09.878 [info] > git rev-parse --show-toplevel [6ms]
2025-01-30 20:22:09.878 [info] [Model][doInitialScan] Initial repository scan completed - repositories (1), closed repositories (0), parent repositories (0), unsafe repositories (0)
2025-01-30 20:22:09.878 [info] > git for-each-ref --format=%(refname)%00%(upstream:short)%00%(objectname)%00%(upstream:track)%00%(upstream:remotename)%00%(upstream:remoteref) refs/heads/main refs/remotes/main [1ms]
2025-01-30 20:22:09.886 [info] > git status -z -uall [4ms]
2025-01-30 20:22:09.887 [info] > git for-each-ref --sort -committerdate --format %(refname) %(objectname) %(*objectname) [1ms]
2025-01-30 20:22:09.897 [info] > git for-each-ref --format=%(refname)%00%(upstream:short)%00%(objectname)%00%(upstream:track)%00%(upstream:remotename)%00%(upstream:remoteref) refs/heads/main refs/remotes/main [6ms]
2025-01-30 20:22:09.900 [info] > git config --get commit.template [3ms]
2025-01-30 20:22:09.901 [info] > git config --local branch.main.vscode-merge-base [1ms]
2025-01-30 20:22:09.906 [info] > git for-each-ref --format=%(refname)%00%(upstream:short)%00%(objectname)%00%(upstream:track)%00%(upstream:remotename)%00%(upstream:remoteref) refs/heads/origin/main refs/remotes/origin/main [3ms]
2025-01-30 20:22:09.913 [info] > git merge-base refs/heads/main refs/remotes/origin/main [4ms]
2025-01-30 20:22:09.916 [info] > git for-each-ref --format=%(refname)%00%(upstream:short)%00%(objectname)%00%(upstream:track)%00%(upstream:remotename)%00%(upstream:remoteref) refs/heads/main refs/remotes/main [11ms]
2025-01-30 20:22:09.922 [info] > git diff --name-status -z --diff-filter=ADMR 02673d670481ef80376350a025b0d360e04fd7bd...refs/remotes/origin/main [6ms]
2025-01-30 20:22:09.923 [info] > git status -z -uall [3ms]
2025-01-30 20:22:09.923 [info] > git for-each-ref --sort -committerdate --format %(refname) %(objectname) %(*objectname) [1ms]
2025-01-30 20:22:10.176 [info] > git show --textconv :game/notebook.md [7ms]
2025-01-30 20:22:10.177 [info] > git ls-files --stage -- /home/escu/Documentos/Universidad/5toSemestre/sistemas_web/command-line-clue/game/notebook.md [2ms]
2025-01-30 20:22:10.185 [info] > git cat-file -s 52e2fab9fc0511544ee3e4f5525f421a206afb6e [2ms]
2025-01-30 20:22:10.203 [info] > git blame --root --incremental 02673d670481ef80376350a025b0d360e04fd7bd -- /home/escu/Documentos/Universidad/5toSemestre/sistemas_web/command-line-clue/game/notebook.md [4ms]
2025-01-30 20:22:10.376 [info] > git check-ignore -v -z --stdin [2ms]
