2025-01-22 18:29:48.704 [info] Added views:outline in workbench.view.explorer
2025-01-22 18:29:48.704 [info] Added views:workbench.view.search in workbench.view.search
2025-01-22 18:29:48.704 [info] Added views:workbench.scm in workbench.view.scm
2025-01-22 18:29:48.704 [info] Added views:workbench.panel.markers.view in workbench.panel.markers
2025-01-22 18:29:48.704 [info] Added views:workbench.panel.output in workbench.panel.output
2025-01-22 18:29:48.704 [info] Added views:terminal in terminal
2025-01-22 18:29:48.704 [info] Added views:timeline in workbench.view.explorer
2025-01-22 18:29:48.705 [info] Added views:workbench.explorer.emptyView in workbench.view.explorer
2025-01-22 18:29:48.957 [info] Added views:workbench.debug.welcome in workbench.view.debug
2025-01-22 18:29:49.078 [info] Added views:workbench.panel.repl.view in workbench.panel.repl
2025-01-22 18:29:49.090 [info] Added views:~remote.forwardedPorts in ~remote.forwardedPortsContainer
2025-01-22 18:30:02.346 [info] Added views:outline in workbench.view.explorer
2025-01-22 18:30:02.346 [info] Added views:workbench.view.search in workbench.view.search
2025-01-22 18:30:02.346 [info] Added views:workbench.scm in workbench.view.scm
2025-01-22 18:30:02.346 [info] Added views:workbench.panel.markers.view in workbench.panel.markers
2025-01-22 18:30:02.346 [info] Added views:workbench.panel.output in workbench.panel.output
2025-01-22 18:30:02.346 [info] Added views:terminal in terminal
2025-01-22 18:30:02.346 [info] Added views:timeline in workbench.view.explorer
2025-01-22 18:30:02.346 [info] Added views:workbench.explorer.fileView in workbench.view.explorer
2025-01-22 18:30:02.437 [info] Added views:workbench.debug.variablesView,workbench.debug.watchExpressionsView,workbench.debug.callStackView,workbench.debug.breakPointsView in workbench.view.debug
2025-01-22 18:30:02.537 [info] Added views:~remote.forwardedPorts in ~remote.forwardedPortsContainer
2025-01-22 18:30:02.714 [info] Added views:workbench.panel.repl.view in workbench.panel.repl
2025-01-22 18:30:02.715 [info] Removed views:workbench.debug.breakPointsView,workbench.debug.callStackView,workbench.debug.watchExpressionsView,workbench.debug.variablesView from workbench.view.debug
2025-01-22 18:30:02.715 [info] Added views:workbench.debug.welcome in workbench.view.debug
2025-01-22 18:30:02.816 [info] Added views:workbench.scm.history in workbench.view.scm
2025-01-22 18:30:17.099 [info] Added views:workbench.views.extensions.installed,workbench.views.extensions.popular,extensions.recommendedList in workbench.view.extensions
2025-01-22 18:30:17.102 [info] Removed views:workbench.views.extensions.popular from workbench.view.extensions
2025-01-22 19:06:26.153 [info] Removed views:workbench.scm.history from workbench.view.scm
